1:/* String and Char */
#string:ABCD
2:L"ABCD"
#char:L'A'
3:L'A'
4:
5:/* Floating */
#double:1234.
6:1234.
#double:01234.
7:01234.
#double:01234.01234
8:01234.01234
#double:.1234
9:.1234
10:
11:/* Floating suffix */
#double:1234.L
12:1234.L
#double:1234.l
13:1234.l
#double:1234.F
14:1234.F
#double:1234.f
15:1234.f
16:
17:/* Scientific */
#sci:12E0123
18:12E0123
#sci:12e0123
19:12e0123
#sci:01234E01
20:01234E01
#sci:01234e01
21:01234e01
22:
23:/* Scientific suffix */
#sci:12E0123l
24:12E0123l
#sci:12e0123L
25:12e0123L
#sci:01234E01f
26:01234E01f
#sci:01234e01F
27:01234e01F
28:
29:/* Integer suffix */
#integer:1234u
30:1234u
#integer:1234l
31:1234l
#integer:1234ll
32:1234ll
#integer:1234LL
33:1234LL
#integer:1234L
34:1234L
#integer:1234U
35:1234U
36:
#integer:1234uLL
37:1234uLL
#integer:1234uL
38:1234uL
#integer:1234ul
39:1234ul
#integer:1234ull
40:1234ull
#integer:1234ULL
41:1234ULL
#integer:1234UL
42:1234UL
#integer:1234Ul
43:1234Ul
#integer:1234Ull
44:1234Ull
45:
#integer:1234lu
46:1234lu
#integer:1234llu
47:1234llu
#integer:1234Lu
48:1234Lu
#integer:1234LLu
49:1234LLu
50:
#integer:1234lU
51:1234lU
#integer:1234llU
52:1234llU
#integer:1234LU
53:1234LU
#integer:1234LLU
54:1234LLU
